19:37:37 (21839) INFO ConfigReader Using stryker.conf.json
19:37:38 (21839) DEBUG BroadcastReporter Broadcasting to reporters ["progress","clear-text","html"]
19:37:37 (21839) DEBUG ConfigReader Loading config /Users/carinacunha/Documents/trybe/projetos/sd-023-b-project-react-testing-library/stryker.conf.json
19:37:37 (21839) DEBUG ConfigReader Loaded config: {
  "$schema": "./node_modules/@stryker-mutator/core/schema/stryker-schema.json",
  "mutate": [
    "src/pages/About.js",
    "src/App.js",
    "src/pages/FavoritePokemons.js",
    "src/pages/NotFound.js",
    "src/pages/Pokedex.js",
    "src/components/FavoriteInput.js",
    "src/components/Pokemon.js",
    "src/components/PokemonButtonsPanel.js",
    "src/components/PokemonData.js",
    "src/pages/PokemonDetails.js"
  ],
  "mutator": {
    "name": "javascript",
    "excludedMutations": [
      "ArithmeticOperator",
      "ArrayDeclaration",
      "ArrowFunction",
      "BlockStatement",
      "BooleanLiteral",
      "ConditionalExpression",
      "EqualityOperator",
      "LogicalOperator",
      "ObjectLiteral",
      "UnaryOperator",
      "UpdateOperator"
    ]
  },
  "testRunner": "jest",
  "reporters": [
    "progress",
    "clear-text",
    "html"
  ],
  "coverageAnalysis": "off",
  "jest": {
    "projectType": "create-react-app"
  },
  "allowConsoleColors": true,
  "commandRunner": {
    "command": "npm test"
  },
  "clearTextReporter": {
    "allowColor": true,
    "logTests": true,
    "maxTestsToLog": 3
  },
  "dashboard": {
    "baseUrl": "https://dashboard.stryker-mutator.io/api/reports",
    "reportType": "full"
  },
  "eventReporter": {
    "baseDir": "reports/mutation/events"
  },
  "fileLogLevel": "trace",
  "logLevel": "debug",
  "maxConcurrentTestRunners": 9007199254740991,
  "plugins": [
    "@stryker-mutator/*"
  ],
  "symlinkNodeModules": true,
  "tempDirName": ".stryker-tmp",
  "thresholds": {
    "high": 80,
    "low": 60,
    "break": null
  },
  "timeoutFactor": 1.5,
  "timeoutMS": 5000,
  "transpilers": [],
  "warnings": true,
  "configFile": "/Users/carinacunha/Documents/trybe/projetos/sd-023-b-project-react-testing-library/stryker.conf.json"
}
19:37:37 (21839) DEBUG PluginLoader Loading @stryker-mutator/* from /Users/carinacunha/Documents/trybe/projetos/sd-023-b-project-react-testing-library/node_modules/@stryker-mutator
19:37:37 (21839) DEBUG PluginLoader Loading plugin "/Users/carinacunha/Documents/trybe/projetos/sd-023-b-project-react-testing-library/node_modules/@stryker-mutator/javascript-mutator" (matched with expression @stryker-mutator/*)
19:37:37 (21839) DEBUG PluginLoader Loading plugin "/Users/carinacunha/Documents/trybe/projetos/sd-023-b-project-react-testing-library/node_modules/@stryker-mutator/jest-runner" (matched with expression @stryker-mutator/*)
19:37:37 (21839) DEBUG PluginLoader Loading plugins /Users/carinacunha/Documents/trybe/projetos/sd-023-b-project-react-testing-library/node_modules/@stryker-mutator/javascript-mutator
19:37:37 (21839) DEBUG PluginLoader Loading plugins /Users/carinacunha/Documents/trybe/projetos/sd-023-b-project-react-testing-library/node_modules/@stryker-mutator/jest-runner
19:37:38 (21839) DEBUG PluginLoader Loading plugins /Users/carinacunha/Documents/trybe/projetos/sd-023-b-project-react-testing-library/node_modules/@stryker-mutator/core/src/reporters/index.js
19:37:38 (21839) DEBUG buildSchemaWithPluginContributions Contributing 1 schemas from plugins to options validation.
19:37:38 (21839) INFO InputFileResolver Found 10 of 70 file(s) to be mutated.
19:37:38 (21839) DEBUG InputFileResolver All input files: [
  "/Users/carinacunha/Documents/trybe/projetos/sd-023-b-project-react-testing-library/stryker.log",
  "/Users/carinacunha/Documents/trybe/projetos/sd-023-b-project-react-testing-library/.babelrc.json",
  "/Users/carinacunha/Documents/trybe/projetos/sd-023-b-project-react-testing-library/.eslintignore",
  "/Users/carinacunha/Documents/trybe/projetos/sd-023-b-project-react-testing-library/.eslintrc.json",
  "/Users/carinacunha/Documents/trybe/projetos/sd-023-b-project-react-testing-library/.github/CODEOWNERS",
  "/Users/carinacunha/Documents/trybe/projetos/sd-023-b-project-react-testing-library/.github/workflows/main.yml",
  "/Users/carinacunha/Documents/trybe/projetos/sd-023-b-project-react-testing-library/.gitignore",
  "/Users/carinacunha/Documents/trybe/projetos/sd-023-b-project-react-testing-library/.npmrc",
  "/Users/carinacunha/Documents/trybe/projetos/sd-023-b-project-react-testing-library/.stylelintignore",
  "/Users/carinacunha/Documents/trybe/projetos/sd-023-b-project-react-testing-library/.stylelintrc.json",
  "/Users/carinacunha/Documents/trybe/projetos/sd-023-b-project-react-testing-library/.trybe/requirements.json",
  "/Users/carinacunha/Documents/trybe/projetos/sd-023-b-project-react-testing-library/README.md",
  "/Users/carinacunha/Documents/trybe/projetos/sd-023-b-project-react-testing-library/package-lock.json",
  "/Users/carinacunha/Documents/trybe/projetos/sd-023-b-project-react-testing-library/package.json",
  "/Users/carinacunha/Documents/trybe/projetos/sd-023-b-project-react-testing-library/public/favicon.ico",
  "/Users/carinacunha/Documents/trybe/projetos/sd-023-b-project-react-testing-library/public/index.html",
  "/Users/carinacunha/Documents/trybe/projetos/sd-023-b-project-react-testing-library/public/logo192.png",
  "/Users/carinacunha/Documents/trybe/projetos/sd-023-b-project-react-testing-library/public/logo512.png",
  "/Users/carinacunha/Documents/trybe/projetos/sd-023-b-project-react-testing-library/public/manifest.json",
  "/Users/carinacunha/Documents/trybe/projetos/sd-023-b-project-react-testing-library/public/robots.txt",
  "/Users/carinacunha/Documents/trybe/projetos/sd-023-b-project-react-testing-library/public/star-icon.svg",
  "/Users/carinacunha/Documents/trybe/projetos/sd-023-b-project-react-testing-library/src/App.css",
  "/Users/carinacunha/Documents/trybe/projetos/sd-023-b-project-react-testing-library/src/App.js",
  "/Users/carinacunha/Documents/trybe/projetos/sd-023-b-project-react-testing-library/src/components/Button.js",
  "/Users/carinacunha/Documents/trybe/projetos/sd-023-b-project-react-testing-library/src/components/FavoriteInput.js",
  "/Users/carinacunha/Documents/trybe/projetos/sd-023-b-project-react-testing-library/src/components/Pokemon.js",
  "/Users/carinacunha/Documents/trybe/projetos/sd-023-b-project-react-testing-library/src/components/PokemonButtonsPanel.js",
  "/Users/carinacunha/Documents/trybe/projetos/sd-023-b-project-react-testing-library/src/components/PokemonData.js",
  "/Users/carinacunha/Documents/trybe/projetos/sd-023-b-project-react-testing-library/src/components/button.css",
  "/Users/carinacunha/Documents/trybe/projetos/sd-023-b-project-react-testing-library/src/components/index.js",
  "/Users/carinacunha/Documents/trybe/projetos/sd-023-b-project-react-testing-library/src/components/pokemon.css",
  "/Users/carinacunha/Documents/trybe/projetos/sd-023-b-project-react-testing-library/src/data.js",
  "/Users/carinacunha/Documents/trybe/projetos/sd-023-b-project-react-testing-library/src/index.css",
  "/Users/carinacunha/Documents/trybe/projetos/sd-023-b-project-react-testing-library/src/index.js",
  "/Users/carinacunha/Documents/trybe/projetos/sd-023-b-project-react-testing-library/src/logo.svg",
  "/Users/carinacunha/Documents/trybe/projetos/sd-023-b-project-react-testing-library/src/pages/About.js",
  "/Users/carinacunha/Documents/trybe/projetos/sd-023-b-project-react-testing-library/src/pages/FavoritePokemons.js",
  "/Users/carinacunha/Documents/trybe/projetos/sd-023-b-project-react-testing-library/src/pages/NotFound.js",
  "/Users/carinacunha/Documents/trybe/projetos/sd-023-b-project-react-testing-library/src/pages/Pokedex.js",
  "/Users/carinacunha/Documents/trybe/projetos/sd-023-b-project-react-testing-library/src/pages/PokemonDetails.js",
  "/Users/carinacunha/Documents/trybe/projetos/sd-023-b-project-react-testing-library/src/pages/about.css",
  "/Users/carinacunha/Documents/trybe/projetos/sd-023-b-project-react-testing-library/src/pages/favorite-pokemons.css",
  "/Users/carinacunha/Documents/trybe/projetos/sd-023-b-project-react-testing-library/src/pages/index.js",
  "/Users/carinacunha/Documents/trybe/projetos/sd-023-b-project-react-testing-library/src/pages/not-found.css",
  "/Users/carinacunha/Documents/trybe/projetos/sd-023-b-project-react-testing-library/src/pages/pokedex.css",
  "/Users/carinacunha/Documents/trybe/projetos/sd-023-b-project-react-testing-library/src/pages/pokemon-details.css",
  "/Users/carinacunha/Documents/trybe/projetos/sd-023-b-project-react-testing-library/src/renderWithRouter.js",
  "/Users/carinacunha/Documents/trybe/projetos/sd-023-b-project-react-testing-library/src/routes/index.js",
  "/Users/carinacunha/Documents/trybe/projetos/sd-023-b-project-react-testing-library/src/serviceWorker.js",
  "/Users/carinacunha/Documents/trybe/projetos/sd-023-b-project-react-testing-library/src/services/pokedexService.js",
  "/Users/carinacunha/Documents/trybe/projetos/sd-023-b-project-react-testing-library/src/setupTests.js",
  "/Users/carinacunha/Documents/trybe/projetos/sd-023-b-project-react-testing-library/src/tests/About.test.js",
  "/Users/carinacunha/Documents/trybe/projetos/sd-023-b-project-react-testing-library/src/tests/App.test.js",
  "/Users/carinacunha/Documents/trybe/projetos/sd-023-b-project-react-testing-library/src/tests/FavoritePokemons.test.js",
  "/Users/carinacunha/Documents/trybe/projetos/sd-023-b-project-react-testing-library/src/tests/NotFound.test.js",
  "/Users/carinacunha/Documents/trybe/projetos/sd-023-b-project-react-testing-library/src/tests/Pokedex.test.js",
  "/Users/carinacunha/Documents/trybe/projetos/sd-023-b-project-react-testing-library/src/tests/Pokemon.test.js",
  "/Users/carinacunha/Documents/trybe/projetos/sd-023-b-project-react-testing-library/src/tests/PokemonDetails.test.js",
  "/Users/carinacunha/Documents/trybe/projetos/sd-023-b-project-react-testing-library/src/types/index.js",
  "/Users/carinacunha/Documents/trybe/projetos/sd-023-b-project-react-testing-library/stryker.conf.json",
  "/Users/carinacunha/Documents/trybe/projetos/sd-023-b-project-react-testing-library/stryker/About.conf.json",
  "/Users/carinacunha/Documents/trybe/projetos/sd-023-b-project-react-testing-library/stryker/App.conf.json",
  "/Users/carinacunha/Documents/trybe/projetos/sd-023-b-project-react-testing-library/stryker/FavoritePokemons.conf.json",
  "/Users/carinacunha/Documents/trybe/projetos/sd-023-b-project-react-testing-library/stryker/NotFound.conf.json",
  "/Users/carinacunha/Documents/trybe/projetos/sd-023-b-project-react-testing-library/stryker/Pokedex.conf.json",
  "/Users/carinacunha/Documents/trybe/projetos/sd-023-b-project-react-testing-library/stryker/Pokemon.conf.json",
  "/Users/carinacunha/Documents/trybe/projetos/sd-023-b-project-react-testing-library/stryker/PokemonDetails.conf.json",
  "/Users/carinacunha/Documents/trybe/projetos/sd-023-b-project-react-testing-library/testefalhando.png",
  "/Users/carinacunha/Documents/trybe/projetos/sd-023-b-project-react-testing-library/testepassando.png",
  "/Users/carinacunha/Documents/trybe/projetos/sd-023-b-project-react-testing-library/trybe.yml"
]
19:37:38 (21839) DEBUG InputFileResolver Files to mutate: [
  "/Users/carinacunha/Documents/trybe/projetos/sd-023-b-project-react-testing-library/src/App.js",
  "/Users/carinacunha/Documents/trybe/projetos/sd-023-b-project-react-testing-library/src/components/FavoriteInput.js",
  "/Users/carinacunha/Documents/trybe/projetos/sd-023-b-project-react-testing-library/src/components/Pokemon.js",
  "/Users/carinacunha/Documents/trybe/projetos/sd-023-b-project-react-testing-library/src/components/PokemonButtonsPanel.js",
  "/Users/carinacunha/Documents/trybe/projetos/sd-023-b-project-react-testing-library/src/components/PokemonData.js",
  "/Users/carinacunha/Documents/trybe/projetos/sd-023-b-project-react-testing-library/src/pages/About.js",
  "/Users/carinacunha/Documents/trybe/projetos/sd-023-b-project-react-testing-library/src/pages/FavoritePokemons.js",
  "/Users/carinacunha/Documents/trybe/projetos/sd-023-b-project-react-testing-library/src/pages/NotFound.js",
  "/Users/carinacunha/Documents/trybe/projetos/sd-023-b-project-react-testing-library/src/pages/Pokedex.js",
  "/Users/carinacunha/Documents/trybe/projetos/sd-023-b-project-react-testing-library/src/pages/PokemonDetails.js"
]
19:37:38 (21839) DEBUG TemporaryDirectory Using temp directory "/Users/carinacunha/Documents/trybe/projetos/sd-023-b-project-react-testing-library/.stryker-tmp"
19:37:38 (21839) DEBUG TestFrameworkOrchestrator The `coverageAnalysis` setting is "off", not hooking into the test framework to achieve performance benefits.
19:37:38 (21839) INFO InitialTestExecutor Starting initial test run. This may take a while.
19:37:38 (21839) DEBUG Sandbox Creating a sandbox for files in /Users/carinacunha/Documents/trybe/projetos/sd-023-b-project-react-testing-library/.stryker-tmp/sandbox1393837
19:37:38 (21839) DEBUG Sandbox Creating test runner 0
19:37:38 (21839) DEBUG ChildProcessProxy Starting /Users/carinacunha/Documents/trybe/projetos/sd-023-b-project-react-testing-library/node_modules/@stryker-mutator/core/src/test-runner/ChildProcessTestRunnerWorker.js in child process 21841
19:37:38 (21841) DEBUG ChildProcessProxyWorker Changing current working directory for this process to /Users/carinacunha/Documents/trybe/projetos/sd-023-b-project-react-testing-library/.stryker-tmp/sandbox1393837
19:37:38 (21841) DEBUG PluginLoader Loading @stryker-mutator/* from /Users/carinacunha/Documents/trybe/projetos/sd-023-b-project-react-testing-library/node_modules/@stryker-mutator
19:37:38 (21841) DEBUG PluginLoader Loading plugin "/Users/carinacunha/Documents/trybe/projetos/sd-023-b-project-react-testing-library/node_modules/@stryker-mutator/javascript-mutator" (matched with expression @stryker-mutator/*)
19:37:38 (21841) DEBUG PluginLoader Loading plugin "/Users/carinacunha/Documents/trybe/projetos/sd-023-b-project-react-testing-library/node_modules/@stryker-mutator/jest-runner" (matched with expression @stryker-mutator/*)
19:37:38 (21841) DEBUG PluginLoader Loading plugins /Users/carinacunha/Documents/trybe/projetos/sd-023-b-project-react-testing-library/node_modules/@stryker-mutator/javascript-mutator
19:37:39 (21841) DEBUG PluginLoader Loading plugins /Users/carinacunha/Documents/trybe/projetos/sd-023-b-project-react-testing-library/node_modules/@stryker-mutator/jest-runner
19:37:39 (21841) DEBUG PluginLoader Loading plugins /Users/carinacunha/Documents/trybe/projetos/sd-023-b-project-react-testing-library/node_modules/@stryker-mutator/core/src/reporters/index.js
19:37:40 (21841) TRACE JestTestRunner Merging file-based config {
  "roots": [
    "<rootDir>/src"
  ],
  "collectCoverageFrom": [
    "**/*.{js,jsx}",
    "!src/index.js",
    "!src/serviceWorker.js"
  ],
  "setupFiles": [
    "/Users/carinacunha/Documents/trybe/projetos/sd-023-b-project-react-testing-library/node_modules/react-app-polyfill/jsdom.js"
  ],
  "setupFilesAfterEnv": [
    "<rootDir>/src/setupTests.js"
  ],
  "testMatch": [
    "<rootDir>/src/**/__tests__/**/*.{js,jsx,ts,tsx}",
    "<rootDir>/src/**/*.{spec,test}.{js,jsx,ts,tsx}"
  ],
  "testEnvironment": "jsdom",
  "transform": {
    "^.+\\.(js|jsx|mjs|cjs|ts|tsx)$": "/Users/carinacunha/Documents/trybe/projetos/sd-023-b-project-react-testing-library/node_modules/react-scripts/config/jest/babelTransform.js",
    "^.+\\.css$": "/Users/carinacunha/Documents/trybe/projetos/sd-023-b-project-react-testing-library/node_modules/react-scripts/config/jest/cssTransform.js",
    "^(?!.*\\.(js|jsx|mjs|cjs|ts|tsx|css|json)$)": "/Users/carinacunha/Documents/trybe/projetos/sd-023-b-project-react-testing-library/node_modules/react-scripts/config/jest/fileTransform.js"
  },
  "transformIgnorePatterns": [
    "[/\\\\]node_modules[/\\\\].+\\.(js|jsx|mjs|cjs|ts|tsx)$",
    "^.+\\.module\\.(css|sass|scss)$"
  ],
  "modulePaths": [],
  "moduleNameMapper": {
    "^react-native$": "react-native-web",
    "^.+\\.module\\.(css|sass|scss)$": "identity-obj-proxy"
  },
  "moduleFileExtensions": [
    "web.js",
    "js",
    "web.ts",
    "ts",
    "web.tsx",
    "tsx",
    "json",
    "web.jsx",
    "jsx",
    "node"
  ],
  "watchPlugins": [
    "jest-watch-typeahead/filename",
    "jest-watch-typeahead/testname"
  ],
  "resetMocks": true,
  "rootDir": "/Users/carinacunha/Documents/trybe/projetos/sd-023-b-project-react-testing-library/.stryker-tmp/sandbox1393837"
} 
      with custom config {}
      and default (internal) stryker config [object Object]
19:37:40 (21841) DEBUG JestTestRunner Running jest with --findRelatedTests flag. Set jest.enableFindRelatedTests to false to run all tests on every mutant.
19:37:40 (21841) DEBUG JestTestRunner Project root is /Users/carinacunha/Documents/trybe/projetos/sd-023-b-project-react-testing-library/.stryker-tmp/sandbox1393837
19:37:40 (21839) DEBUG TimeoutDecorator Starting timeout timer (300000 ms) for a test run
19:37:40 (21841) TRACE JestGreaterThan25Adapter Invoking Jest with config {"roots":["<rootDir>/src"],"collectCoverageFrom":["**/*.{js,jsx}","!src/index.js","!src/serviceWorker.js"],"setupFiles":["/Users/carinacunha/Documents/trybe/projetos/sd-023-b-project-react-testing-library/node_modules/react-app-polyfill/jsdom.js"],"setupFilesAfterEnv":["<rootDir>/src/setupTests.js"],"testMatch":["<rootDir>/src/**/__tests__/**/*.{js,jsx,ts,tsx}","<rootDir>/src/**/*.{spec,test}.{js,jsx,ts,tsx}"],"testEnvironment":"jsdom","transform":{"^.+\\.(js|jsx|mjs|cjs|ts|tsx)$":"/Users/carinacunha/Documents/trybe/projetos/sd-023-b-project-react-testing-library/node_modules/react-scripts/config/jest/babelTransform.js","^.+\\.css$":"/Users/carinacunha/Documents/trybe/projetos/sd-023-b-project-react-testing-library/node_modules/react-scripts/config/jest/cssTransform.js","^(?!.*\\.(js|jsx|mjs|cjs|ts|tsx|css|json)$)":"/Users/carinacunha/Documents/trybe/projetos/sd-023-b-project-react-testing-library/node_modules/react-scripts/config/jest/fileTransform.js"},"transformIgnorePatterns":["[/\\\\]node_modules[/\\\\].+\\.(js|jsx|mjs|cjs|ts|tsx)$","^.+\\.module\\.(css|sass|scss)$"],"modulePaths":[],"moduleNameMapper":{"^react-native$":"react-native-web","^.+\\.module\\.(css|sass|scss)$":"identity-obj-proxy"},"moduleFileExtensions":["web.js","js","web.ts","ts","web.tsx","tsx","json","web.jsx","jsx","node"],"watchPlugins":["jest-watch-typeahead/filename","jest-watch-typeahead/testname"],"resetMocks":true,"rootDir":"/Users/carinacunha/Documents/trybe/projetos/sd-023-b-project-react-testing-library/.stryker-tmp/sandbox1393837","collectCoverage":false,"verbose":false,"bail":false,"notify":false,"reporters":[]}
19:37:43 (21839) TRACE ChildProcessProxy Browserslist: caniuse-lite is outdated. Please run:
  npx browserslist@latest --update-db
  Why you should do it regularly: https://github.com/browserslist/browserslist#browsers-data-updating

19:37:54 (21839) DEBUG ChildProcessProxy Disposing of worker process 21841
19:37:54 (21839) DEBUG ChildProcessProxy Kill 21841
19:37:54 (21839) ERROR InitialTestExecutor One or more tests failed in the initial test run:
	Testa o componente About Verifica se ao clicar em Home a aplicação é redirecionada para "/"
		ReferenceError: userEvent is not defined
    at Object.<anonymous> (/Users/carinacunha/Documents/trybe/projetos/sd-023-b-project-react-testing-library/.stryker-tmp/sandbox1393837/src/tests/App.test.js:26:5)
    at Promise.then.completed (/Users/carinacunha/Documents/trybe/projetos/sd-023-b-project-react-testing-library/node_modules/jest-circus/build/utils.js:391:28)
    at new Promise (<anonymous>)
    at callAsyncCircusFn (/Users/carinacunha/Documents/trybe/projetos/sd-023-b-project-react-testing-library/node_modules/jest-circus/build/utils.js:316:10)
    at _callCircusTest (/Users/carinacunha/Documents/trybe/projetos/sd-023-b-project-react-testing-library/node_modules/jest-circus/build/run.js:218:40)
    at _runTest (/Users/carinacunha/Documents/trybe/projetos/sd-023-b-project-react-testing-library/node_modules/jest-circus/build/run.js:155:3)
    at _runTestsForDescribeBlock (/Users/carinacunha/Documents/trybe/projetos/sd-023-b-project-react-testing-library/node_modules/jest-circus/build/run.js:66:9)
    at _runTestsForDescribeBlock (/Users/carinacunha/Documents/trybe/projetos/sd-023-b-project-react-testing-library/node_modules/jest-circus/build/run.js:60:9)
    at run (/Users/carinacunha/Documents/trybe/projetos/sd-023-b-project-react-testing-library/node_modules/jest-circus/build/run.js:25:3)
    at runAndTransformResultsToJestFormat (/Users/carinacunha/Documents/trybe/projetos/sd-023-b-project-react-testing-library/node_modules/jest-circus/build/legacy-code-todo-rewrite/jestAdapterInit.js:170:21)
    at jestAdapter (/Users/carinacunha/Documents/trybe/projetos/sd-023-b-project-react-testing-library/node_modules/jest-circus/build/legacy-code-todo-rewrite/jestAdapter.js:82:19)
    at runTestInternal (/Users/carinacunha/Documents/trybe/projetos/sd-023-b-project-react-testing-library/node_modules/jest-runner/build/runTest.js:389:16)
    at runTest (/Users/carinacunha/Documents/trybe/projetos/sd-023-b-project-react-testing-library/node_modules/jest-runner/build/runTest.js:475:34)
	Testa o componente About Verifica se ao clicar em About a aplicação é redirecionada para "/about"
		ReferenceError: userEvent is not defined
    at Object.<anonymous> (/Users/carinacunha/Documents/trybe/projetos/sd-023-b-project-react-testing-library/.stryker-tmp/sandbox1393837/src/tests/App.test.js:36:5)
    at Promise.then.completed (/Users/carinacunha/Documents/trybe/projetos/sd-023-b-project-react-testing-library/node_modules/jest-circus/build/utils.js:391:28)
    at new Promise (<anonymous>)
    at callAsyncCircusFn (/Users/carinacunha/Documents/trybe/projetos/sd-023-b-project-react-testing-library/node_modules/jest-circus/build/utils.js:316:10)
    at _callCircusTest (/Users/carinacunha/Documents/trybe/projetos/sd-023-b-project-react-testing-library/node_modules/jest-circus/build/run.js:218:40)
    at _runTest (/Users/carinacunha/Documents/trybe/projetos/sd-023-b-project-react-testing-library/node_modules/jest-circus/build/run.js:155:3)
    at _runTestsForDescribeBlock (/Users/carinacunha/Documents/trybe/projetos/sd-023-b-project-react-testing-library/node_modules/jest-circus/build/run.js:66:9)
    at _runTestsForDescribeBlock (/Users/carinacunha/Documents/trybe/projetos/sd-023-b-project-react-testing-library/node_modules/jest-circus/build/run.js:60:9)
    at run (/Users/carinacunha/Documents/trybe/projetos/sd-023-b-project-react-testing-library/node_modules/jest-circus/build/run.js:25:3)
    at runAndTransformResultsToJestFormat (/Users/carinacunha/Documents/trybe/projetos/sd-023-b-project-react-testing-library/node_modules/jest-circus/build/legacy-code-todo-rewrite/jestAdapterInit.js:170:21)
    at jestAdapter (/Users/carinacunha/Documents/trybe/projetos/sd-023-b-project-react-testing-library/node_modules/jest-circus/build/legacy-code-todo-rewrite/jestAdapter.js:82:19)
    at runTestInternal (/Users/carinacunha/Documents/trybe/projetos/sd-023-b-project-react-testing-library/node_modules/jest-runner/build/runTest.js:389:16)
    at runTest (/Users/carinacunha/Documents/trybe/projetos/sd-023-b-project-react-testing-library/node_modules/jest-runner/build/runTest.js:475:34)
	Testa o componente About Verifica se o link Pokémons redireciona para "/favorites"
		ReferenceError: userEvent is not defined
    at Object.<anonymous> (/Users/carinacunha/Documents/trybe/projetos/sd-023-b-project-react-testing-library/.stryker-tmp/sandbox1393837/src/tests/App.test.js:46:5)
    at Promise.then.completed (/Users/carinacunha/Documents/trybe/projetos/sd-023-b-project-react-testing-library/node_modules/jest-circus/build/utils.js:391:28)
    at new Promise (<anonymous>)
    at callAsyncCircusFn (/Users/carinacunha/Documents/trybe/projetos/sd-023-b-project-react-testing-library/node_modules/jest-circus/build/utils.js:316:10)
    at _callCircusTest (/Users/carinacunha/Documents/trybe/projetos/sd-023-b-project-react-testing-library/node_modules/jest-circus/build/run.js:218:40)
    at _runTest (/Users/carinacunha/Documents/trybe/projetos/sd-023-b-project-react-testing-library/node_modules/jest-circus/build/run.js:155:3)
    at _runTestsForDescribeBlock (/Users/carinacunha/Documents/trybe/projetos/sd-023-b-project-react-testing-library/node_modules/jest-circus/build/run.js:66:9)
    at _runTestsForDescribeBlock (/Users/carinacunha/Documents/trybe/projetos/sd-023-b-project-react-testing-library/node_modules/jest-circus/build/run.js:60:9)
    at run (/Users/carinacunha/Documents/trybe/projetos/sd-023-b-project-react-testing-library/node_modules/jest-circus/build/run.js:25:3)
    at runAndTransformResultsToJestFormat (/Users/carinacunha/Documents/trybe/projetos/sd-023-b-project-react-testing-library/node_modules/jest-circus/build/legacy-code-todo-rewrite/jestAdapterInit.js:170:21)
    at jestAdapter (/Users/carinacunha/Documents/trybe/projetos/sd-023-b-project-react-testing-library/node_modules/jest-circus/build/legacy-code-todo-rewrite/jestAdapter.js:82:19)
    at runTestInternal (/Users/carinacunha/Documents/trybe/projetos/sd-023-b-project-react-testing-library/node_modules/jest-runner/build/runTest.js:389:16)
    at runTest (/Users/carinacunha/Documents/trybe/projetos/sd-023-b-project-react-testing-library/node_modules/jest-runner/build/runTest.js:475:34)
	Testa o componente Pokedex Verifica se a Pokédex tem os botões de filtro com nome correto
		TypeError: Cannot read properties of undefined (reading 'tagName')
    at isLabelWithInternallyDisabledControl (/Users/carinacunha/Documents/trybe/projetos/sd-023-b-project-react-testing-library/node_modules/@testing-library/user-event/dist/utils.js:127:18)
    at hover (/Users/carinacunha/Documents/trybe/projetos/sd-023-b-project-react-testing-library/node_modules/@testing-library/user-event/dist/hover.js:26:55)
    at Object.click (/Users/carinacunha/Documents/trybe/projetos/sd-023-b-project-react-testing-library/node_modules/@testing-library/user-event/dist/click.js:113:36)
    at Object.<anonymous> (/Users/carinacunha/Documents/trybe/projetos/sd-023-b-project-react-testing-library/.stryker-tmp/sandbox1393837/src/tests/Pokedex.test.js:48:15)
    at Promise.then.completed (/Users/carinacunha/Documents/trybe/projetos/sd-023-b-project-react-testing-library/node_modules/jest-circus/build/utils.js:391:28)
    at new Promise (<anonymous>)
    at callAsyncCircusFn (/Users/carinacunha/Documents/trybe/projetos/sd-023-b-project-react-testing-library/node_modules/jest-circus/build/utils.js:316:10)
    at _callCircusTest (/Users/carinacunha/Documents/trybe/projetos/sd-023-b-project-react-testing-library/node_modules/jest-circus/build/run.js:218:40)
    at _runTest (/Users/carinacunha/Documents/trybe/projetos/sd-023-b-project-react-testing-library/node_modules/jest-circus/build/run.js:155:3)
    at _runTestsForDescribeBlock (/Users/carinacunha/Documents/trybe/projetos/sd-023-b-project-react-testing-library/node_modules/jest-circus/build/run.js:66:9)
    at _runTestsForDescribeBlock (/Users/carinacunha/Documents/trybe/projetos/sd-023-b-project-react-testing-library/node_modules/jest-circus/build/run.js:60:9)
    at run (/Users/carinacunha/Documents/trybe/projetos/sd-023-b-project-react-testing-library/node_modules/jest-circus/build/run.js:25:3)
    at runAndTransformResultsToJestFormat (/Users/carinacunha/Documents/trybe/projetos/sd-023-b-project-react-testing-library/node_modules/jest-circus/build/legacy-code-todo-rewrite/jestAdapterInit.js:170:21)
    at jestAdapter (/Users/carinacunha/Documents/trybe/projetos/sd-023-b-project-react-testing-library/node_modules/jest-circus/build/legacy-code-todo-rewrite/jestAdapter.js:82:19)
    at runTestInternal (/Users/carinacunha/Documents/trybe/projetos/sd-023-b-project-react-testing-library/node_modules/jest-runner/build/runTest.js:389:16)
    at runTest (/Users/carinacunha/Documents/trybe/projetos/sd-023-b-project-react-testing-library/node_modules/jest-runner/build/runTest.js:475:34)
19:37:54 (21839) ERROR StrykerCli an error occurred Error: There were failed tests in the initial test run.
    at InitialTestExecutor.validateResult (/Users/carinacunha/Documents/trybe/projetos/sd-023-b-project-react-testing-library/node_modules/@stryker-mutator/core/src/process/InitialTestExecutor.js:69:27)
    at InitialTestExecutor.run (/Users/carinacunha/Documents/trybe/projetos/sd-023-b-project-react-testing-library/node_modules/@stryker-mutator/core/src/process/InitialTestExecutor.js:41:14)
    at processTicksAndRejections (node:internal/process/task_queues:96:5)
    at async Stryker.runMutationTest (/Users/carinacunha/Documents/trybe/projetos/sd-023-b-project-react-testing-library/node_modules/@stryker-mutator/core/src/Stryker.js:53:38)
